2022-07-10 11:03:47 INFO  [main]: stga
2022-07-10 11:04:28 INFO  [main]: stga
2022-07-10 11:05:19 INFO  [main]: stga
2022-07-10 11:06:24 INFO  [main]: stga
2022-07-10 11:07:24 INFO  [main]: stga
2022-07-10 11:11:15 INFO  [main]: stga
2022-07-10 12:28:46 INFO  [main]: Start findThreeImagesAndThreeHrefInSearchForm()
2022-07-10 12:28:53 INFO  [main]: есть совпадение
2022-07-10 12:28:53 INFO  [main]: есть совпадение
2022-07-10 12:28:53 INFO  [main]: есть совпадение
2022-07-10 12:28:53 INFO  [main]:  Найдено 3 совпадения
2022-07-10 12:28:53 INFO  [main]: End findThreeImagesAndThreeHrefInSearchForm()
2022-07-10 12:32:13 INFO  [main]: Start findThreeImagesAndThreeHrefInSearchForm()
2022-07-10 12:32:20 INFO  [main]: есть совпадение
2022-07-10 12:32:20 INFO  [main]: есть совпадение
2022-07-10 12:32:20 INFO  [main]: есть совпадение
2022-07-10 12:32:20 INFO  [main]:  Найдено 3 совпадения
2022-07-10 12:32:31 INFO  [main]: End findThreeImagesAndThreeHrefInSearchForm()
2022-07-10 12:33:07 INFO  [main]: Start findThreeImagesAndThreeHrefInSearchForm()
2022-07-10 12:33:13 INFO  [main]: есть совпадение
2022-07-10 12:33:13 INFO  [main]: есть совпадение
2022-07-10 12:33:13 INFO  [main]: есть совпадение
2022-07-10 12:33:13 INFO  [main]:  Найдено 3 совпадения
2022-07-10 12:33:24 INFO  [main]: End findThreeImagesAndThreeHrefInSearchForm()
2022-07-10 12:36:24 INFO  [main]: Start findThreeImagesAndThreeHrefInSearchForm()
2022-07-10 12:36:30 INFO  [main]: есть совпадение
2022-07-10 12:36:30 INFO  [main]: есть совпадение
2022-07-10 12:36:30 INFO  [main]: есть совпадение
2022-07-10 12:36:30 INFO  [main]:  Найдено 3 совпадения
2022-07-10 12:36:40 INFO  [main]: End findThreeImagesAndThreeHrefInSearchForm()
2022-07-10 12:38:02 INFO  [main]: Start findThreeImagesAndThreeHrefInSearchForm()
2022-07-10 12:38:08 INFO  [main]: есть совпадение
2022-07-10 12:38:08 INFO  [main]: есть совпадение
2022-07-10 12:38:09 INFO  [main]: есть совпадение
2022-07-10 12:38:09 INFO  [main]:  Найдено 3 совпадения
2022-07-10 12:38:19 INFO  [main]: End findThreeImagesAndThreeHrefInSearchForm()
2022-07-10 12:38:57 INFO  [main]: Start findThreeImagesAndThreeHrefInSearchForm()
2022-07-10 12:39:04 INFO  [main]: есть совпадение
2022-07-10 12:39:04 INFO  [main]: есть совпадение
2022-07-10 12:39:04 INFO  [main]: есть совпадение
2022-07-10 12:39:04 INFO  [main]:  Найдено 3 совпадения
2022-07-10 12:39:18 INFO  [main]: End findThreeImagesAndThreeHrefInSearchForm()
2022-07-10 17:23:56 INFO  [main]: Рейтинг по элементу https://play.google.com/store/apps/details?id=ru.ivi.client&hl=ru&gl=US не совпадает
2022-07-10 17:31:09 INFO  [main]: Рейтинг по элементу https://play.google.com/store/apps/details?id=ru.ivi.client&hl=ru&gl=US не совпадает
2022-07-10 17:33:09 INFO  [main]: Рейтинг по элементу https://play.google.com/store/apps/details?id=ru.ivi.client&hl=ru&gl=US не совпадает
2022-07-10 17:45:52 INFO  [main]: Рейтинг по элементу https://play.google.com/store/apps/details?id=ru.ivi.client&hl=ru&gl=US не совпадает
2022-07-10 17:49:08 INFO  [main]: Рейтинг по элементу https://play.google.com/store/apps/details?id=ru.ivi.client&hl=ru&gl=US не совпадает
2022-07-10 17:51:06 INFO  [main]: Рейтинг по элементу https://play.google.com/store/apps/details?id=ru.ivi.client&hl=ru&gl=US совпадает
2022-07-11 11:00:01 INFO  [main]: Start findThreeImagesAndThreeHrefInSearchForm()
2022-07-11 11:00:09 INFO  [main]: есть совпадение
2022-07-11 11:00:09 INFO  [main]: есть совпадение
2022-07-11 11:00:12 INFO  [main]: есть совпадение
2022-07-11 11:00:12 INFO  [main]:  Найдено 3 совпадения
2022-07-11 11:00:12 INFO  [main]: End findThreeImagesAndThreeHrefInSearchForm()
2022-07-11 14:33:49 INFO  [main]: На странице 01 найдено 0 ссылок на статью в Wiki
2022-07-11 14:34:02 INFO  [main]: На странице 11 найдено 0 ссылок на статью в Wiki
2022-07-11 14:34:14 INFO  [main]: На странице 21 найдено 0 ссылок на статью в Wiki
2022-07-11 14:34:26 INFO  [main]: На странице 31 найдено 0 ссылок на статью в Wiki
2022-07-11 14:34:31 INFO  [main]: Ссылка на официальный сайт ivi присутствует
2022-07-11 14:45:09 INFO  [main]: Рейтинг по 3 - му  элементу на странице 1 совпадает
2022-07-11 14:51:59 INFO  [main]: Рейтинг по 3 - му  элементу на странице 1 совпадает
2022-07-11 15:39:30 INFO  [main]: Start findThreeImagesAndThreeHrefInSearchForm()
2022-07-11 15:43:40 INFO  [main]: Start findThreeImagesAndThreeHrefInSearchForm()
2022-07-11 15:45:18 INFO  [main]: есть совпадение
2022-07-11 15:45:18 INFO  [main]: есть совпадение
2022-07-11 15:45:21 INFO  [main]: есть совпадение
2022-07-11 15:45:21 INFO  [main]:  Найдено 3 совпадения
2022-07-11 15:45:21 INFO  [main]: End findThreeImagesAndThreeHrefInSearchForm()
2022-07-11 16:00:04 INFO  [main]: Старт третьего сценария
2022-07-11 16:00:25 INFO  [main]: На странице 1 найдено 2 ссылок на статью в Wiki
2022-07-11 16:00:28 INFO  [main]: На странице 2 найдено 2 ссылок на статью в Wiki
2022-07-11 16:00:41 INFO  [main]: На странице 3 найдено 1 ссылок на статью в Wiki
2022-07-11 16:00:54 INFO  [main]: На странице 4 найдено 1 ссылок на статью в Wiki
2022-07-11 16:00:59 INFO  [main]: Ссылка на официальный сайт ivi присутствует
2022-07-11 16:03:37 INFO  [main]: Старт третьего сценария
2022-07-11 16:04:01 INFO  [main]: На странице 1 найдено 2 ссылок на статью в Wiki
2022-07-11 16:04:05 INFO  [main]: На странице 2 найдено 2 ссылок на статью в Wiki
2022-07-11 16:04:18 INFO  [main]: На странице 3 найдено 1 ссылок на статью в Wiki
2022-07-11 16:04:31 INFO  [main]: На странице 4 найдено 1 ссылок на статью в Wiki
2022-07-11 16:04:36 INFO  [main]: Ссылка на официальный сайт ivi присутствует
2022-07-11 16:06:53 INFO  [main]: Старт третьего сценария
2022-07-11 16:07:33 INFO  [main]: На странице 1 найдено 1 ссылок на статью в Wiki
2022-07-11 16:07:48 INFO  [main]: На странице 2 найдено 1 ссылок на статью в Wiki
2022-07-11 16:08:00 INFO  [main]: На странице 3 найдено 1 ссылок на статью в Wiki
2022-07-11 16:08:12 INFO  [main]: На странице 4 найдено 1 ссылок на статью в Wiki
2022-07-11 16:08:18 INFO  [main]: Ссылка на официальный сайт ivi присутствует
2022-07-11 16:10:38 INFO  [main]: Старт третьего сценария
2022-07-11 16:11:00 INFO  [main]: На странице 1 найдено 2 ссылок на статью в Wiki
2022-07-11 16:11:18 INFO  [main]: На странице 2 найдено 0 ссылок на статью в Wiki
2022-07-11 16:11:30 INFO  [main]: На странице 3 найдено 0 ссылок на статью в Wiki
2022-07-11 16:11:42 INFO  [main]: На странице 4 найдено 0 ссылок на статью в Wiki
2022-07-11 16:11:49 INFO  [main]: Ссылка на официальный сайт ivi присутствует
2022-07-11 17:29:33 INFO  [main]: Старт второго сценария
2022-07-11 17:32:20 INFO  [main]: Старт второго сценария
2022-07-11 19:14:58 INFO  [main]: Старт певрого сценария
2022-07-11 19:15:06 INFO  [main]: есть совпадение
2022-07-11 19:15:06 INFO  [main]: есть совпадение
2022-07-11 19:15:09 INFO  [main]: есть совпадение
2022-07-11 19:15:09 INFO  [main]:  Найдено 3 совпадения
2022-07-11 19:15:09 INFO  [main]: Конец сценария
2022-07-11 20:33:01 INFO  [main]: Старт певрого сценария
2022-07-11 20:33:11 INFO  [main]: есть совпадение
2022-07-11 20:33:12 INFO  [main]: есть совпадение
2022-07-11 20:33:13 INFO  [main]: Не найдено нужного количества элементов
2022-07-11 20:36:01 INFO  [main]: Старт певрого сценария
2022-07-11 20:36:22 INFO  [main]: есть совпадение
2022-07-11 20:36:24 INFO  [main]: есть совпадение
2022-07-11 20:36:27 INFO  [main]: есть совпадение
2022-07-11 20:36:27 INFO  [main]:  Найдено 3 совпадения
2022-07-11 20:36:27 INFO  [main]: Конец сценария
2022-07-11 20:37:33 INFO  [main]: Старт певрого сценария
2022-07-11 20:38:39 INFO  [main]: Старт певрого сценария
2022-07-11 20:38:58 INFO  [main]: есть совпадение
2022-07-11 20:39:00 INFO  [main]: есть совпадение
2022-07-11 20:39:04 INFO  [main]: Не найдено нужного количества элементов
2022-07-11 20:39:36 INFO  [main]: Старт певрого сценария
2022-07-11 20:39:59 INFO  [main]: есть совпадение
2022-07-11 20:40:01 INFO  [main]: есть совпадение
2022-07-11 20:40:05 INFO  [main]: есть совпадение
2022-07-11 20:40:05 INFO  [main]:  Найдено 3 совпадения
2022-07-11 20:40:05 INFO  [main]: Конец сценария
2022-07-11 20:40:59 INFO  [main]: Старт певрого сценария
2022-07-11 20:41:18 INFO  [main]: есть совпадение
2022-07-11 20:41:21 INFO  [main]: есть совпадение
2022-07-11 20:41:24 INFO  [main]: Не найдено нужного количества элементов
2022-07-11 20:41:42 INFO  [main]: Старт певрого сценария
2022-07-11 20:42:00 INFO  [main]: есть совпадение
2022-07-11 20:42:02 INFO  [main]: есть совпадение
2022-07-11 20:42:06 INFO  [main]: есть совпадение
2022-07-11 20:42:06 INFO  [main]:  Найдено 3 совпадения
2022-07-11 20:42:06 INFO  [main]: Конец сценария
2022-07-11 20:43:50 INFO  [main]: Старт певрого сценария
2022-07-11 20:45:55 INFO  [main]: Старт певрого сценария
2022-07-11 20:46:44 INFO  [main]: Старт певрого сценария
2022-07-11 20:47:02 INFO  [main]: есть совпадение
2022-07-11 20:47:04 INFO  [main]: есть совпадение
2022-07-11 20:47:10 INFO  [main]: есть совпадение
2022-07-11 20:47:11 INFO  [main]:  Найдено 3 совпадения
2022-07-11 20:47:11 INFO  [main]: Конец сценария
2022-07-11 20:48:47 INFO  [main]: Старт певрого сценария
2022-07-11 20:49:56 INFO  [main]: Старт певрого сценария
2022-07-11 20:50:16 INFO  [main]: есть совпадение
2022-07-11 20:50:18 INFO  [main]: есть совпадение
2022-07-11 20:50:22 INFO  [main]: есть совпадение
2022-07-11 20:50:22 INFO  [main]:  Найдено 3 совпадения
2022-07-11 20:50:22 INFO  [main]: Конец сценария
2022-07-11 20:53:44 INFO  [main]: Старт певрого сценария
2022-07-11 20:53:58 INFO  [main]: есть совпадение
2022-07-11 20:54:00 INFO  [main]: есть совпадение
2022-07-11 20:54:04 INFO  [main]: есть совпадение
2022-07-11 20:54:04 INFO  [main]:  Найдено 3 совпадения
2022-07-11 20:54:04 INFO  [main]: Конец сценария
2022-07-11 20:55:32 INFO  [main]: Старт певрого сценария
2022-07-11 20:55:48 INFO  [main]: есть совпадение
2022-07-11 20:55:50 INFO  [main]: есть совпадение
2022-07-11 20:55:53 INFO  [main]: есть совпадение
2022-07-11 20:55:53 INFO  [main]:  Найдено 3 совпадения
2022-07-11 20:55:53 INFO  [main]: Конец сценария
2022-07-11 20:56:58 INFO  [main]: Старт второго сценария
2022-07-11 20:59:28 INFO  [main]: Старт второго сценария
2022-07-11 21:02:08 INFO  [main]: Старт второго сценария
2022-07-11 21:02:19 INFO  [main]: Рейтинг по 3 - му  элементу на странице 1 совпадает
2022-07-11 21:03:30 INFO  [main]: Старт третьего сценария
2022-07-11 21:03:33 INFO  [main]: На странице 1 найдено 1 ссылок на статью в Wiki
2022-07-11 21:03:35 INFO  [main]: На странице 2 найдено 1 ссылок на статью в Wiki
2022-07-11 21:03:46 INFO  [main]: На странице 3 найдено 0 ссылок на статью в Wiki
2022-07-11 21:03:57 INFO  [main]: На странице 4 найдено 0 ссылок на статью в Wiki
2022-07-11 21:03:59 INFO  [main]: Ссылка на официальный сайт ivi присутствует
2022-07-12 10:10:42 INFO  [main]: Старт певрого сценария
2022-07-12 10:11:05 INFO  [main]: есть совпадение
2022-07-12 10:11:07 INFO  [main]: есть совпадение
2022-07-12 10:11:10 INFO  [main]: есть совпадение
2022-07-12 10:11:10 INFO  [main]:  Найдено 3 совпадения
2022-07-12 10:11:10 INFO  [main]: Конец сценария
2022-07-12 10:13:50 INFO  [main]: Старт второго сценария
2022-07-12 10:14:08 INFO  [main]: Рейтинг по 3 - му  элементу на странице 1 совпадает
2022-07-12 10:15:06 INFO  [main]: Старт второго сценария
2022-07-12 10:15:23 INFO  [main]: Рейтинг по 3 - му  элементу на странице 1 совпадает
2022-07-12 10:18:40 INFO  [main]: Старт второго сценария
2022-07-12 10:18:59 INFO  [main]: Захожу на страницу 1
2022-07-12 10:19:00 INFO  [main]: Рейтинг по 3 - му  элементу на странице 1 совпадает
2022-07-12 10:19:01 INFO  [main]: Захожу на страницу 2
2022-07-12 10:19:23 INFO  [main]: Захожу на страницу 3
2022-07-12 10:19:25 INFO  [main]: Захожу на страницу 4
2022-07-12 10:22:14 INFO  [main]: Старт второго сценария
2022-07-12 10:22:36 INFO  [main]: Захожу на страницу 1
2022-07-12 10:22:36 INFO  [main]: Рейтинг по 3 - му  элементу на странице 1 совпадает
2022-07-12 10:22:37 INFO  [main]: Захожу на страницу 2
2022-07-12 10:22:58 INFO  [main]: Захожу на страницу 3
2022-07-12 10:22:59 INFO  [main]: Захожу на страницу 4
2022-07-12 10:23:01 INFO  [main]: Захожу на страницу 5
2022-07-12 10:23:02 INFO  [main]: Конец второго сценария
2022-07-12 10:24:39 INFO  [main]: Старт третьего сценария
2022-07-12 10:24:57 INFO  [main]: На странице 1 найдено 2 ссылок на статью в Wiki
2022-07-12 10:25:12 INFO  [main]: На странице 2 найдено 0 ссылок на статью в Wiki
2022-07-12 10:25:23 INFO  [main]: На странице 3 найдено 0 ссылок на статью в Wiki
2022-07-12 10:25:34 INFO  [main]: На странице 4 найдено 0 ссылок на статью в Wiki
2022-07-12 10:25:37 INFO  [main]: Ссылка на официальный сайт ivi присутствует
2022-07-12 10:25:37 INFO  [main]: Конец второго сценария
2022-07-12 10:27:22 INFO  [main]: Старт третьего сценария
2022-07-12 10:27:39 INFO  [main]: На странице 1 найдено 2 ссылок на статью в Wiki
2022-07-12 10:27:53 INFO  [main]: На странице 2 найдено 0 ссылок на статью в Wiki
2022-07-12 10:28:04 INFO  [main]: На странице 3 найдено 0 ссылок на статью в Wiki
2022-07-12 10:28:15 INFO  [main]: На странице 4 найдено 0 ссылок на статью в Wiki
2022-07-12 10:28:26 INFO  [main]: На странице 5 найдено 0 ссылок на статью в Wiki
2022-07-12 10:28:27 INFO  [main]: Захожу на страницу Wiki про ivi
2022-07-12 10:28:29 INFO  [main]: Ссылка на официальный сайт ivi присутствует
2022-07-12 10:28:29 INFO  [main]: Конец второго сценария
2022-07-12 10:29:27 INFO  [main]: Старт певрого сценария
2022-07-12 10:29:47 INFO  [main]: есть совпадение
2022-07-12 10:29:49 INFO  [main]: есть совпадение
2022-07-12 10:29:55 INFO  [main]: есть совпадение
2022-07-12 10:29:55 INFO  [main]:  Найдено 3 совпадения
2022-07-12 10:29:55 INFO  [main]: Конец сценария
2022-07-12 10:29:55 INFO  [main]: Конец второго сценария
2022-07-12 10:36:06 INFO  [main]: Старт певрого сценария
2022-07-12 10:36:48 INFO  [main]: есть совпадение
2022-07-12 10:36:50 INFO  [main]: есть совпадение
2022-07-12 10:36:55 INFO  [main]: есть совпадение
2022-07-12 10:36:55 INFO  [main]:  Найдено 3 совпадения
2022-07-12 10:36:55 INFO  [main]: Конец сценария
2022-07-12 10:36:55 INFO  [main]: Конец первого сценария
2022-07-12 10:40:39 INFO  [main]: Создаю ChromeDriver
2022-07-12 10:40:46 INFO  [main]: Старт певрого сценария
2022-07-12 10:41:29 INFO  [main]: есть совпадение
2022-07-12 10:41:31 INFO  [main]: есть совпадение
2022-07-12 10:41:37 INFO  [main]: есть совпадение
2022-07-12 10:41:37 INFO  [main]:  Найдено 3 совпадения
2022-07-12 10:41:37 INFO  [main]: Конец сценария
2022-07-12 10:41:37 INFO  [main]: Конец первого сценария
2022-07-12 10:41:37 INFO  [main]: Закрываю ivi – Google Поиск
2022-07-12 10:43:26 INFO  [main]: Создаю ChromeDriver
2022-07-12 10:43:33 INFO  [main]: Старт певрого сценария
2022-07-12 10:43:42 INFO  [main]: Закрываю WebDriver
2022-07-12 10:44:21 INFO  [main]: Создаю ChromeDriver
2022-07-12 10:44:27 INFO  [main]: Старт певрого сценария
2022-07-12 10:45:07 INFO  [main]: Не найдено нужного количества элементов
2022-07-12 10:45:07 INFO  [main]: Закрываю WebDriver
2022-07-12 10:45:35 INFO  [main]: Создаю ChromeDriver
2022-07-12 10:45:41 INFO  [main]: Старт певрого сценария
2022-07-12 11:01:13 INFO  [main]: Создаю ChromeDriver
2022-07-12 11:01:21 INFO  [main]: Старт певрого сценария
2022-07-12 11:01:52 INFO  [main]: Не найдено нужного количества элементов
2022-07-12 11:02:22 INFO  [main]: Создаю ChromeDriver
2022-07-12 11:02:29 INFO  [main]: Старт певрого сценария
2022-07-12 11:03:08 INFO  [main]: есть совпадение
2022-07-12 11:03:10 INFO  [main]: есть совпадение
2022-07-12 11:03:16 INFO  [main]: есть совпадение
2022-07-12 11:03:16 INFO  [main]:  Найдено 3 совпадения
2022-07-12 11:03:16 INFO  [main]: Конец сценария
2022-07-12 11:03:16 INFO  [main]: Конец первого сценария
2022-07-12 13:05:08 INFO  [main]: Создаю ChromeDriver
2022-07-12 13:05:16 INFO  [main]: Старт певрого сценария
2022-07-12 13:05:49 INFO  [main]: есть совпадение
2022-07-12 13:05:50 INFO  [main]: есть совпадение
2022-07-12 13:05:57 INFO  [main]: Не найдено нужного количества элементов
2022-07-12 13:05:57 INFO  [main]: Закрываю WebDriver
2022-07-12 13:06:44 INFO  [main]: Создаю ChromeDriver
2022-07-12 13:06:51 INFO  [main]: Старт певрого сценария
2022-07-12 13:07:20 INFO  [main]: есть совпадение
2022-07-12 13:07:22 INFO  [main]: есть совпадение
2022-07-12 13:07:26 INFO  [main]: есть совпадение
2022-07-12 13:07:26 INFO  [main]:  Найдено 3 совпадения
2022-07-12 13:07:26 INFO  [main]: Конец сценария
2022-07-12 13:07:26 INFO  [main]: Конец первого сценария
2022-07-12 13:07:26 INFO  [main]: Закрываю WebDriver
2022-07-12 13:09:25 INFO  [main]: Создаю ChromeDriver
2022-07-12 13:09:31 INFO  [main]: Старт певрого сценария
2022-07-12 13:10:04 INFO  [main]: есть совпадение
2022-07-12 13:10:05 INFO  [main]: есть совпадение
2022-07-12 13:10:09 INFO  [main]: есть совпадение
2022-07-12 13:10:09 INFO  [main]:  Найдено 3 совпадения
2022-07-12 13:10:09 INFO  [main]: Конец первого сценария
2022-07-12 13:10:09 INFO  [main]: Закрываю WebDriver
2022-07-12 13:10:21 INFO  [main]: Создаю ChromeDriver
2022-07-12 13:10:26 INFO  [main]: Старт второго сценария
2022-07-12 13:10:43 INFO  [main]: Закрываю WebDriver
2022-07-12 13:10:54 INFO  [main]: Создаю ChromeDriver
2022-07-12 13:11:00 INFO  [main]: Старт третьего сценария
2022-07-12 13:11:23 INFO  [main]: На странице 1 найдено 2 ссылок на статью в Wiki
2022-07-12 13:11:38 INFO  [main]: На странице 2 найдено 0 ссылок на статью в Wiki
2022-07-12 13:11:49 INFO  [main]: На странице 3 найдено 0 ссылок на статью в Wiki
2022-07-12 13:12:00 INFO  [main]: На странице 4 найдено 0 ссылок на статью в Wiki
2022-07-12 13:12:11 INFO  [main]: На странице 5 найдено 0 ссылок на статью в Wiki
2022-07-12 13:12:12 INFO  [main]: Захожу на страницу Wiki про ivi
2022-07-12 13:12:15 INFO  [main]: Ссылка на официальный сайт ivi присутствует
2022-07-12 13:12:15 INFO  [main]: Конец второго сценария
2022-07-12 13:12:15 INFO  [main]: Закрываю WebDriver
2022-07-12 13:13:27 INFO  [main]: Создаю ChromeDriver
2022-07-12 13:13:33 INFO  [main]: Старт певрого сценария
2022-07-12 13:14:17 INFO  [main]: Не найдено нужного количества элементов
2022-07-12 13:14:17 INFO  [main]: Закрываю WebDriver
2022-07-12 13:14:37 INFO  [main]: Создаю ChromeDriver
2022-07-12 13:14:43 INFO  [main]: Старт второго сценария
2022-07-12 13:14:57 INFO  [main]: Захожу на страницу 1
2022-07-12 13:14:57 INFO  [main]: Рейтинг по 3 - му  элементу на странице 1 совпадает
2022-07-12 13:15:00 INFO  [main]: Захожу на страницу 2
2022-07-12 13:15:01 INFO  [main]: Захожу на страницу 3
2022-07-12 13:15:02 INFO  [main]: Захожу на страницу 4
2022-07-12 13:15:03 INFO  [main]: Захожу на страницу 5
2022-07-12 13:15:25 INFO  [main]: Конец второго сценария
2022-07-12 13:15:25 INFO  [main]: Закрываю WebDriver
2022-07-12 13:16:01 INFO  [main]: Создаю ChromeDriver
2022-07-12 13:16:07 INFO  [main]: Старт третьего сценария
2022-07-12 13:16:22 INFO  [main]: На странице 1 найдено 2 ссылок на статью в Wiki
2022-07-12 13:16:33 INFO  [main]: На странице 2 найдено 0 ссылок на статью в Wiki
2022-07-12 13:16:44 INFO  [main]: На странице 3 найдено 0 ссылок на статью в Wiki
2022-07-12 13:16:55 INFO  [main]: На странице 4 найдено 0 ссылок на статью в Wiki
2022-07-12 13:17:06 INFO  [main]: На странице 5 найдено 0 ссылок на статью в Wiki
2022-07-12 13:17:07 INFO  [main]: Захожу на страницу Wiki про ivi
2022-07-12 13:17:09 INFO  [main]: Ссылка на официальный сайт ivi присутствует
2022-07-12 13:17:09 INFO  [main]: Конец второго сценария
2022-07-12 13:17:09 INFO  [main]: Закрываю WebDriver
2022-07-12 13:22:44 INFO  [main]: Создаю ChromeDriver
2022-07-12 13:22:50 INFO  [main]: Старт певрого сценария
2022-07-12 13:23:37 INFO  [main]: Не найдено нужного количества элементов
2022-07-12 13:23:37 INFO  [main]: Закрываю WebDriver
2022-07-12 13:23:59 INFO  [main]: Создаю ChromeDriver
2022-07-12 13:24:05 INFO  [main]: Старт второго сценария
2022-07-12 13:24:21 INFO  [main]: Захожу на страницу 1
2022-07-12 13:24:21 INFO  [main]: Рейтинг по 3 - му  элементу на странице 1 совпадает
2022-07-12 13:24:21 INFO  [main]: Захожу на страницу 2
2022-07-12 13:24:23 INFO  [main]: Захожу на страницу 3
2022-07-12 13:24:24 INFO  [main]: Захожу на страницу 4
2022-07-12 13:24:25 INFO  [main]: Захожу на страницу 5
2022-07-12 13:24:46 INFO  [main]: Конец второго сценария
2022-07-12 13:24:46 INFO  [main]: Закрываю WebDriver
2022-07-12 13:24:56 INFO  [main]: Создаю ChromeDriver
2022-07-12 13:25:02 INFO  [main]: Старт третьего сценария
2022-07-12 13:25:15 INFO  [main]: На странице 1 найдено 2 ссылок на статью в Wiki
2022-07-12 13:25:26 INFO  [main]: На странице 2 найдено 0 ссылок на статью в Wiki
2022-07-12 13:25:37 INFO  [main]: На странице 3 найдено 0 ссылок на статью в Wiki
2022-07-12 13:25:47 INFO  [main]: На странице 4 найдено 0 ссылок на статью в Wiki
2022-07-12 13:25:58 INFO  [main]: На странице 5 найдено 0 ссылок на статью в Wiki
2022-07-12 13:25:59 INFO  [main]: Захожу на страницу Wiki про ivi
2022-07-12 13:26:01 INFO  [main]: Ссылка на официальный сайт ivi присутствует
2022-07-12 13:26:01 INFO  [main]: Конец второго сценария
2022-07-12 13:26:01 INFO  [main]: Закрываю WebDriver
2022-07-12 13:27:43 INFO  [main]: Создаю ChromeDriver
2022-07-12 13:27:49 INFO  [main]: Старт певрого сценария
2022-07-12 13:28:29 INFO  [main]: Не найдено нужного количества элементов
2022-07-12 13:28:29 INFO  [main]: Закрываю WebDriver
2022-07-12 13:28:44 INFO  [main]: Создаю ChromeDriver
2022-07-12 13:28:50 INFO  [main]: Старт второго сценария
2022-07-12 13:29:09 INFO  [main]: Захожу на страницу 1
2022-07-12 13:29:09 INFO  [main]: Рейтинг по 3 - му  элементу на странице 1 совпадает
2022-07-12 13:29:10 INFO  [main]: Захожу на страницу 2
2022-07-12 13:29:11 INFO  [main]: Захожу на страницу 3
2022-07-12 13:29:13 INFO  [main]: Захожу на страницу 4
2022-07-12 13:29:14 INFO  [main]: Захожу на страницу 5
2022-07-12 13:29:35 INFO  [main]: Конец второго сценария
2022-07-12 13:29:35 INFO  [main]: Закрываю WebDriver
2022-07-12 13:29:45 INFO  [main]: Создаю ChromeDriver
2022-07-12 13:29:51 INFO  [main]: Старт третьего сценария
2022-07-12 13:30:02 INFO  [main]: На странице 1 найдено 2 ссылок на статью в Wiki
2022-07-12 13:30:13 INFO  [main]: На странице 2 найдено 0 ссылок на статью в Wiki
2022-07-12 13:30:24 INFO  [main]: На странице 3 найдено 0 ссылок на статью в Wiki
2022-07-12 13:30:35 INFO  [main]: На странице 4 найдено 0 ссылок на статью в Wiki
2022-07-12 13:30:46 INFO  [main]: На странице 5 найдено 0 ссылок на статью в Wiki
2022-07-12 13:30:46 INFO  [main]: Захожу на страницу Wiki про ivi
2022-07-12 13:30:48 INFO  [main]: Ссылка на официальный сайт ivi присутствует
2022-07-12 13:30:48 INFO  [main]: Конец второго сценария
2022-07-12 13:30:48 INFO  [main]: Закрываю WebDriver
